<?xml version="1.0" encoding="UTF-8"?><testsuite errors="1" failures="0" name="UTest" skipped="0" tests="1" time="0.83" timestamp="2021-06-08 08:09:10"><testcase name="Search for a automation course"><error type="java.lang.NullPointerException"/><system-err>null&#13;
co.com.choucair.practica.utest.stepdefinitions.SignupUtestStepDefinitions.thatGabrielOpenTheUtestPage(SignupUtestStepDefinitions.java:16)&#13;
✽.that Gabriel open the utest page(src/test/resources/features/utest.feature:9)&#13;
</system-err></testcase></testsuite>